<?xml version="1.0" encoding="UTF-8"?>
<!-- Generated by org.testng.reporters.JUnitXMLReporter -->
<testsuite ignored="0" hostname="DESKTOP-2SGRDL2" failures="0" tests="4" name="Picture Upload_Edureka" time="43.863" errors="0" timestamp="02 Sep 2018 08:12:17 GMT">
  <testcase classname="com.edureka.tests.TestMain" name="loginEdureka" time="3.558"/>
  <testcase classname="com.edureka.tests.TestMain" name="goToMyProfilePage" time="15.881"/>
  <testcase classname="com.edureka.tests.TestMain" name="editIconClick" time="0.353"/>
  <testcase classname="com.edureka.tests.TestMain" name="uploadPicture" time="9.815"/>
</testsuite> <!-- Picture Upload_Edureka -->
